c:\sources\pgrexport\pgrexport\x64\debug\qrc_pgrexport.obj
c:\sources\pgrexport\pgrexport\x64\debug\moc_pgrexport.obj
c:\sources\pgrexport\pgrexport\x64\debug\main.obj
c:\sources\pgrexport\pgrexport\x64\debug\pgrexport.obj
c:\sources\pgrexport\pgrexport\x64\debug\vc141.pdb
c:\sources\pgrexport\x64\debug\pgrexport.exe
c:\sources\pgrexport\x64\debug\pgrexport.ilk
c:\sources\pgrexport\x64\debug\pgrexport.pdb
c:\sources\pgrexport\pgrexport\x64\debug\moc\moc_pgrexport.cpp
c:\sources\pgrexport\pgrexport\x64\debug\uic\ui_pgrexport.h
c:\sources\pgrexport\pgrexport\x64\debug\rcc\qrc_pgrexport.cpp
c:\sources\pgrexport\pgrexport\x64\debug\pgrexport.tlog\cl.command.1.tlog
c:\sources\pgrexport\pgrexport\x64\debug\pgrexport.tlog\cl.read.1.tlog
c:\sources\pgrexport\pgrexport\x64\debug\pgrexport.tlog\cl.write.1.tlog
c:\sources\pgrexport\pgrexport\x64\debug\pgrexport.tlog\link.command.1.tlog
c:\sources\pgrexport\pgrexport\x64\debug\pgrexport.tlog\link.read.1.tlog
c:\sources\pgrexport\pgrexport\x64\debug\pgrexport.tlog\link.write.1.tlog
c:\sources\pgrexport\pgrexport\x64\debug\pgrexport.tlog\moc.read.1u.tlog
c:\sources\pgrexport\pgrexport\x64\debug\pgrexport.tlog\moc.write.1u.tlog
c:\sources\pgrexport\pgrexport\x64\debug\pgrexport.tlog\pgrexport.write.1u.tlog
c:\sources\pgrexport\pgrexport\x64\debug\pgrexport.tlog\rcc.read.1u.tlog
c:\sources\pgrexport\pgrexport\x64\debug\pgrexport.tlog\rcc.write.1u.tlog
c:\sources\pgrexport\pgrexport\x64\debug\pgrexport.tlog\uic.read.1u.tlog
c:\sources\pgrexport\pgrexport\x64\debug\pgrexport.tlog\uic.write.1u.tlog
